[0.173s] DEBUG:colcon:Command line arguments: ['/usr/bin/colcon', 'build', '--cmake-args', '-DENABLE_GPU=OFF']
[0.173s] DEBUG:colcon:Parsed command line arguments: Namespace(log_base=None, log_level=None, verb_name='build', build_base='build', install_base='install', merge_install=False, symlink_install=False, test_result_base=None, continue_on_error=False, executor='parallel', parallel_workers=12, event_handlers=None, ignore_user_meta=False, metas=['./colcon.meta'], base_paths=['.'], packages_ignore=None, packages_ignore_regex=None, paths=None, packages_up_to=None, packages_up_to_regex=None, packages_above=None, packages_above_and_dependencies=None, packages_above_depth=None, packages_select_by_dep=None, packages_skip_by_dep=None, packages_skip_up_to=None, packages_select_build_failed=False, packages_skip_build_finished=False, packages_select_test_failures=False, packages_skip_test_passed=False, packages_select=None, packages_skip=None, packages_select_regex=None, packages_skip_regex=None, packages_start=None, packages_end=None, allow_overriding=[], cmake_args=['-DENABLE_GPU=OFF'], cmake_target=None, cmake_target_skip_unavailable=False, cmake_clean_cache=False, cmake_clean_first=False, cmake_force_configure=False, ament_cmake_args=None, catkin_cmake_args=None, catkin_skip_building_tests=False, verb_parser=<colcon_defaults.argument_parser.defaults.DefaultArgumentsDecorator object at 0x702421233ee0>, verb_extension=<colcon_core.verb.build.BuildVerb object at 0x702421233550>, main=<bound method BuildVerb.main of <colcon_core.verb.build.BuildVerb object at 0x702421233550>>)
[0.446s] Level 1:colcon.colcon_core.package_discovery:discover_packages(colcon_meta) check parameters
[0.446s] Level 1:colcon.colcon_core.package_discovery:discover_packages(recursive) check parameters
[0.446s] Level 1:colcon.colcon_core.package_discovery:discover_packages(ignore) check parameters
[0.446s] Level 1:colcon.colcon_core.package_discovery:discover_packages(path) check parameters
[0.446s] Level 1:colcon.colcon_core.package_discovery:discover_packages(colcon_meta) discover
[0.446s] Level 1:colcon.colcon_core.package_discovery:discover_packages(recursive) discover
[0.446s] INFO:colcon.colcon_core.package_discovery:Crawling recursively for packages in '/home/taewook/sensor_fallback_sim'
[0.446s] Level 1:colcon.colcon_core.package_identification:_identify(.) by extensions ['ignore', 'ignore_ament_install']
[0.446s] Level 1:colcon.colcon_core.package_identification:_identify(.) by extension 'ignore'
[0.446s] Level 1:colcon.colcon_core.package_identification:_identify(.) by extension 'ignore_ament_install'
[0.446s] Level 1:colcon.colcon_core.package_identification:_identify(.) by extensions ['colcon_pkg']
[0.446s] Level 1:colcon.colcon_core.package_identification:_identify(.) by extension 'colcon_pkg'
[0.446s] Level 1:colcon.colcon_core.package_identification:_identify(.) by extensions ['colcon_meta']
[0.446s] Level 1:colcon.colcon_core.package_identification:_identify(.) by extension 'colcon_meta'
[0.446s] Level 1:colcon.colcon_core.package_identification:_identify(.) by extensions ['ros']
[0.446s] Level 1:colcon.colcon_core.package_identification:_identify(.) by extension 'ros'
[0.462s] DEBUG:colcon.colcon_core.package_identification:Package '.' with type 'ros.ament_python' and name 'sensor_fallback_sim'
[0.462s] Level 1:colcon.colcon_core.package_discovery:discover_packages(recursive) using defaults
[0.462s] Level 1:colcon.colcon_core.package_discovery:discover_packages(ignore) discover
[0.462s] Level 1:colcon.colcon_core.package_discovery:discover_packages(ignore) using defaults
[0.462s] Level 1:colcon.colcon_core.package_discovery:discover_packages(path) discover
[0.462s] Level 1:colcon.colcon_core.package_discovery:discover_packages(path) using defaults
[0.487s] Level 1:colcon.colcon_core.package_discovery:discover_packages(prefix_path) check parameters
[0.487s] Level 1:colcon.colcon_core.package_discovery:discover_packages(prefix_path) discover
[0.491s] DEBUG:colcon.colcon_installed_package_information.package_discovery:Found 8 installed packages in /home/taewook/ros2_ws/install
[0.492s] DEBUG:colcon.colcon_installed_package_information.package_discovery:Found 277 installed packages in /opt/ros/humble
[0.502s] Level 1:colcon.colcon_core.package_discovery:discover_packages(prefix_path) using defaults
[0.545s] Level 5:colcon.colcon_core.verb:set package 'sensor_fallback_sim' build argument 'cmake_args' from command line to '['-DENABLE_GPU=OFF']'
[0.545s] Level 5:colcon.colcon_core.verb:set package 'sensor_fallback_sim' build argument 'cmake_target' from command line to 'None'
[0.545s] Level 5:colcon.colcon_core.verb:set package 'sensor_fallback_sim' build argument 'cmake_target_skip_unavailable' from command line to 'False'
[0.545s] Level 5:colcon.colcon_core.verb:set package 'sensor_fallback_sim' build argument 'cmake_clean_cache' from command line to 'False'
[0.545s] Level 5:colcon.colcon_core.verb:set package 'sensor_fallback_sim' build argument 'cmake_clean_first' from command line to 'False'
[0.545s] Level 5:colcon.colcon_core.verb:set package 'sensor_fallback_sim' build argument 'cmake_force_configure' from command line to 'False'
[0.545s] Level 5:colcon.colcon_core.verb:set package 'sensor_fallback_sim' build argument 'ament_cmake_args' from command line to 'None'
[0.545s] Level 5:colcon.colcon_core.verb:set package 'sensor_fallback_sim' build argument 'catkin_cmake_args' from command line to 'None'
[0.545s] Level 5:colcon.colcon_core.verb:set package 'sensor_fallback_sim' build argument 'catkin_skip_building_tests' from command line to 'False'
[0.545s] DEBUG:colcon.colcon_core.verb:Building package 'sensor_fallback_sim' with the following arguments: {'ament_cmake_args': None, 'build_base': '/home/taewook/sensor_fallback_sim/build/sensor_fallback_sim', 'catkin_cmake_args': None, 'catkin_skip_building_tests': False, 'cmake_args': ['-DENABLE_GPU=OFF'], 'cmake_clean_cache': False, 'cmake_clean_first': False, 'cmake_force_configure': False, 'cmake_target': None, 'cmake_target_skip_unavailable': False, 'install_base': '/home/taewook/sensor_fallback_sim/install/sensor_fallback_sim', 'merge_install': False, 'path': '/home/taewook/sensor_fallback_sim', 'symlink_install': False, 'test_result_base': None}
[0.545s] INFO:colcon.colcon_core.executor:Executing jobs using 'parallel' executor
[0.546s] DEBUG:colcon.colcon_parallel_executor.executor.parallel:run_until_complete
[0.546s] INFO:colcon.colcon_ros.task.ament_python.build:Building ROS package in '/home/taewook/sensor_fallback_sim' with build type 'ament_python'
[0.546s] Level 1:colcon.colcon_core.shell:create_environment_hook('sensor_fallback_sim', 'ament_prefix_path')
[0.550s] INFO:colcon.colcon_core.plugin_system:Skipping extension 'colcon_core.shell.bat': Not used on non-Windows systems
[0.550s] INFO:colcon.colcon_core.shell:Creating environment hook '/home/taewook/sensor_fallback_sim/install/sensor_fallback_sim/share/sensor_fallback_sim/hook/ament_prefix_path.ps1'
[0.551s] INFO:colcon.colcon_core.shell:Creating environment descriptor '/home/taewook/sensor_fallback_sim/install/sensor_fallback_sim/share/sensor_fallback_sim/hook/ament_prefix_path.dsv'
[0.551s] INFO:colcon.colcon_core.shell:Creating environment hook '/home/taewook/sensor_fallback_sim/install/sensor_fallback_sim/share/sensor_fallback_sim/hook/ament_prefix_path.sh'
[0.552s] INFO:colcon.colcon_core.shell:Skip shell extension 'powershell' for command environment: Not usable outside of PowerShell
[0.552s] DEBUG:colcon.colcon_core.shell:Skip shell extension 'dsv' for command environment
[0.814s] INFO:colcon.colcon_core.task.python.build:Building Python package in '/home/taewook/sensor_fallback_sim'
[0.814s] INFO:colcon.colcon_core.shell:Skip shell extension 'powershell' for command environment: Not usable outside of PowerShell
[0.814s] DEBUG:colcon.colcon_core.shell:Skip shell extension 'dsv' for command environment
[1.422s] DEBUG:colcon.colcon_core.event_handler.log_command:Invoking command in '/home/taewook/sensor_fallback_sim': PYTHONPATH=/home/taewook/sensor_fallback_sim/build/sensor_fallback_sim/prefix_override:/usr/lib/python3/dist-packages/colcon_core/task/python/colcon_distutils_commands:/home/taewook/sensor_fallback_sim/install/sensor_fallback_sim/lib/python3.10/site-packages:${PYTHONPATH} /usr/bin/python3 -W ignore:setup.py install is deprecated -W ignore:easy_install command is deprecated setup.py egg_info --egg-base build/sensor_fallback_sim build --build-base /home/taewook/sensor_fallback_sim/build/sensor_fallback_sim/build install --record /home/taewook/sensor_fallback_sim/build/sensor_fallback_sim/install.log --single-version-externally-managed install_data
[1.703s] DEBUG:colcon.colcon_core.event_handler.log_command:Invoked command in '/home/taewook/sensor_fallback_sim' returned '0': PYTHONPATH=/home/taewook/sensor_fallback_sim/build/sensor_fallback_sim/prefix_override:/usr/lib/python3/dist-packages/colcon_core/task/python/colcon_distutils_commands:/home/taewook/sensor_fallback_sim/install/sensor_fallback_sim/lib/python3.10/site-packages:${PYTHONPATH} /usr/bin/python3 -W ignore:setup.py install is deprecated -W ignore:easy_install command is deprecated setup.py egg_info --egg-base build/sensor_fallback_sim build --build-base /home/taewook/sensor_fallback_sim/build/sensor_fallback_sim/build install --record /home/taewook/sensor_fallback_sim/build/sensor_fallback_sim/install.log --single-version-externally-managed install_data
[1.706s] Level 1:colcon.colcon_core.environment:checking '/home/taewook/sensor_fallback_sim/install/sensor_fallback_sim' for CMake module files
[1.707s] Level 1:colcon.colcon_core.environment:checking '/home/taewook/sensor_fallback_sim/install/sensor_fallback_sim' for CMake config files
[1.707s] Level 1:colcon.colcon_core.environment:checking '/home/taewook/sensor_fallback_sim/install/sensor_fallback_sim/lib'
[1.707s] Level 1:colcon.colcon_core.environment:checking '/home/taewook/sensor_fallback_sim/install/sensor_fallback_sim/bin'
[1.708s] Level 1:colcon.colcon_core.environment:checking '/home/taewook/sensor_fallback_sim/install/sensor_fallback_sim/lib/pkgconfig/sensor_fallback_sim.pc'
[1.708s] Level 1:colcon.colcon_core.environment:checking '/home/taewook/sensor_fallback_sim/install/sensor_fallback_sim/lib/python3.10/site-packages'
[1.708s] Level 1:colcon.colcon_core.shell:create_environment_hook('sensor_fallback_sim', 'pythonpath')
[1.708s] INFO:colcon.colcon_core.shell:Creating environment hook '/home/taewook/sensor_fallback_sim/install/sensor_fallback_sim/share/sensor_fallback_sim/hook/pythonpath.ps1'
[1.708s] INFO:colcon.colcon_core.shell:Creating environment descriptor '/home/taewook/sensor_fallback_sim/install/sensor_fallback_sim/share/sensor_fallback_sim/hook/pythonpath.dsv'
[1.709s] INFO:colcon.colcon_core.shell:Creating environment hook '/home/taewook/sensor_fallback_sim/install/sensor_fallback_sim/share/sensor_fallback_sim/hook/pythonpath.sh'
[1.709s] Level 1:colcon.colcon_core.environment:checking '/home/taewook/sensor_fallback_sim/install/sensor_fallback_sim/bin'
[1.709s] Level 1:colcon.colcon_core.environment:create_environment_scripts_only(sensor_fallback_sim)
[1.709s] INFO:colcon.colcon_core.shell:Creating package script '/home/taewook/sensor_fallback_sim/install/sensor_fallback_sim/share/sensor_fallback_sim/package.ps1'
[1.710s] INFO:colcon.colcon_core.shell:Creating package descriptor '/home/taewook/sensor_fallback_sim/install/sensor_fallback_sim/share/sensor_fallback_sim/package.dsv'
[1.711s] INFO:colcon.colcon_core.shell:Creating package script '/home/taewook/sensor_fallback_sim/install/sensor_fallback_sim/share/sensor_fallback_sim/package.sh'
[1.712s] INFO:colcon.colcon_core.shell:Creating package script '/home/taewook/sensor_fallback_sim/install/sensor_fallback_sim/share/sensor_fallback_sim/package.bash'
[1.713s] INFO:colcon.colcon_core.shell:Creating package script '/home/taewook/sensor_fallback_sim/install/sensor_fallback_sim/share/sensor_fallback_sim/package.zsh'
[1.714s] Level 1:colcon.colcon_core.environment:create_file_with_runtime_dependencies(/home/taewook/sensor_fallback_sim/install/sensor_fallback_sim/share/colcon-core/packages/sensor_fallback_sim)
[1.714s] DEBUG:colcon.colcon_parallel_executor.executor.parallel:closing loop
[1.714s] DEBUG:colcon.colcon_parallel_executor.executor.parallel:loop closed
[1.714s] DEBUG:colcon.colcon_parallel_executor.executor.parallel:run_until_complete finished with '0'
[1.714s] DEBUG:colcon.colcon_core.event_reactor:joining thread
[1.720s] INFO:colcon.colcon_core.plugin_system:Skipping extension 'colcon_notification.desktop_notification.terminal_notifier': Not used on non-Darwin systems
[1.720s] INFO:colcon.colcon_core.plugin_system:Skipping extension 'colcon_notification.desktop_notification.win32': Not used on non-Windows systems
[1.720s] INFO:colcon.colcon_notification.desktop_notification:Sending desktop notification using 'notify2'
[1.748s] DEBUG:colcon.colcon_core.event_reactor:joined thread
[1.748s] INFO:colcon.colcon_core.shell:Creating prefix script '/home/taewook/sensor_fallback_sim/install/local_setup.ps1'
[1.749s] INFO:colcon.colcon_core.shell:Creating prefix util module '/home/taewook/sensor_fallback_sim/install/_local_setup_util_ps1.py'
[1.751s] INFO:colcon.colcon_core.shell:Creating prefix chain script '/home/taewook/sensor_fallback_sim/install/setup.ps1'
[1.752s] INFO:colcon.colcon_core.shell:Creating prefix script '/home/taewook/sensor_fallback_sim/install/local_setup.sh'
[1.753s] INFO:colcon.colcon_core.shell:Creating prefix util module '/home/taewook/sensor_fallback_sim/install/_local_setup_util_sh.py'
[1.754s] INFO:colcon.colcon_core.shell:Creating prefix chain script '/home/taewook/sensor_fallback_sim/install/setup.sh'
[1.757s] INFO:colcon.colcon_core.shell:Creating prefix script '/home/taewook/sensor_fallback_sim/install/local_setup.bash'
[1.757s] INFO:colcon.colcon_core.shell:Creating prefix chain script '/home/taewook/sensor_fallback_sim/install/setup.bash'
[1.759s] INFO:colcon.colcon_core.shell:Creating prefix script '/home/taewook/sensor_fallback_sim/install/local_setup.zsh'
[1.760s] INFO:colcon.colcon_core.shell:Creating prefix chain script '/home/taewook/sensor_fallback_sim/install/setup.zsh'
